<?xml version="1.0" encoding="UTF-8"?>
<!-- Generated by org.testng.reporters.JUnitReportReporter -->
<testsuite hostname="LTIN173527" failures="0" tests="5" name="testCases.TC03_WellNess" time="43.326" errors="0" timestamp="2024-03-05T10:21:46 IST" skipped="0">
  <testcase classname="testCases.TC03_WellNess" name="T001_goToCorporates" time="5.341"/>
  <system-out/>
  <testcase classname="testCases.TC03_WellNess" name="T002_validateCorporate" time="0.020"/>
  <system-out/>
  <testcase classname="testCases.TC03_WellNess" name="T003_sendDetails" time="22.012"/>
  <system-out/>
  <testcase classname="testCases.TC03_WellNess" name="T004_VerifyMsg" time="15.489"/>
  <system-out/>
  <testcase classname="testCases.TC03_WellNess" name="T005_MsgScreenshot" time="0.464"/>
  <system-out/>
</testsuite> <!-- testCases.TC03_WellNess -->
